# JRE version: Java(TM) SE Runtime Environment (8.0_51-b16) (build 1.8.0_51-b16)
# Java VM: Java HotSpot(TM) 64-Bit Server VM (25.51-b03 mixed mode windows-amd64 compressed oops)
Heap:
 PSYoungGen      total 315904K, used 310205K [0x00000000e0000000, 0x00000000f9080000, 0x0000000100000000)
  eden space 272896K, 100% used [0x00000000e0000000,0x00000000f0a80000,0x00000000f0a80000)
  from space 43008K, 86% used [0x00000000f0a80000,0x00000000f2eef728,0x00000000f3480000)
  to   space 48128K, 65% used [0x00000000f6180000,0x00000000f803cac8,0x00000000f9080000)
 ParOldGen       total 205312K, used 133378K [0x00000000a0000000, 0x00000000ac880000, 0x00000000e0000000)
  object space 205312K, 64% used [0x00000000a0000000,0x00000000a8240a78,0x00000000ac880000)
 Metaspace       used 69696K, capacity 72420K, committed 72832K, reserved 1112064K
  class space    used 9149K, capacity 9725K, committed 9856K, reserved 1048576K
GC Heap History (10 events):
Event: 904.185 GC heap before
{Heap before GC invocations=40 (full 6):
 PSYoungGen      total 200704K, used 177664K [0x00000000e0000000, 0x00000000f2180000, 0x0000000100000000)
  eden space 177664K, 100% used [0x00000000e0000000,0x00000000ead80000,0x00000000ead80000)
  from space 23040K, 0% used [0x00000000ead80000,0x00000000ead80000,0x00000000ec400000)
  to   space 33280K, 0% used [0x00000000f0100000,0x00000000f0100000,0x00000000f2180000)
 ParOldGen       total 166912K, used 104210K [0x00000000a0000000, 0x00000000aa300000, 0x00000000e0000000)
  object space 166912K, 62% used [0x00000000a0000000,0x00000000a65c4b40,0x00000000aa300000)
 Metaspace       used 69547K, capacity 72196K, committed 72448K, reserved 1112064K
  class space    used 9145K, capacity 9693K, committed 9728K, reserved 1048576K
Event: 904.250 GC heap after
Heap after GC invocations=40 (full 6):
 PSYoungGen      total 258048K, used 26249K [0x00000000e0000000, 0x00000000f2280000, 0x0000000100000000)
  eden space 224768K, 0% used [0x00000000e0000000,0x00000000e0000000,0x00000000edb80000)
  from space 33280K, 78% used [0x00000000f0100000,0x00000000f1aa2558,0x00000000f2180000)
  to   space 36352K, 0% used [0x00000000edb80000,0x00000000edb80000,0x00000000eff00000)
 ParOldGen       total 166912K, used 104210K [0x00000000a0000000, 0x00000000aa300000, 0x00000000e0000000)
  object space 166912K, 62% used [0x00000000a0000000,0x00000000a65c4b40,0x00000000aa300000)
 Metaspace       used 69547K, capacity 72196K, committed 72448K, reserved 1112064K
  class space    used 9145K, capacity 9693K, committed 9728K, reserved 1048576K
}
Event: 905.241 GC heap before
{Heap before GC invocations=41 (full 6):
 PSYoungGen      total 258048K, used 251017K [0x00000000e0000000, 0x00000000f2280000, 0x0000000100000000)
  eden space 224768K, 100% used [0x00000000e0000000,0x00000000edb80000,0x00000000edb80000)
  from space 33280K, 78% used [0x00000000f0100000,0x00000000f1aa2558,0x00000000f2180000)
  to   space 36352K, 0% used [0x00000000edb80000,0x00000000edb80000,0x00000000eff00000)
 ParOldGen       total 166912K, used 104210K [0x00000000a0000000, 0x00000000aa300000, 0x00000000e0000000)
  object space 166912K, 62% used [0x00000000a0000000,0x00000000a65c4b40,0x00000000aa300000)
 Metaspace       used 69582K, capacity 72228K, committed 72576K, reserved 1112064K
  class space    used 9146K, capacity 9725K, committed 9856K, reserved 1048576K
Event: 905.358 GC heap after
Heap after GC invocations=41 (full 6):
 PSYoungGen      total 261120K, used 31622K [0x00000000e0000000, 0x00000000f5c80000, 0x0000000100000000)
  eden space 224768K, 0% used [0x00000000e0000000,0x00000000e0000000,0x00000000edb80000)
  from space 36352K, 86% used [0x00000000edb80000,0x00000000efa61b48,0x00000000eff00000)
  to   space 40960K, 0% used [0x00000000f3480000,0x00000000f3480000,0x00000000f5c80000)
 ParOldGen       total 166912K, used 122366K [0x00000000a0000000, 0x00000000aa300000, 0x00000000e0000000)
  object space 166912K, 73% used [0x00000000a0000000,0x00000000a777f958,0x00000000aa300000)
 Metaspace       used 69582K, capacity 72228K, committed 72576K, reserved 1112064K
  class space    used 9146K, capacity 9725K, committed 9856K, reserved 1048576K
}
Event: 906.897 GC heap before
{Heap before GC invocations=42 (full 6):
 PSYoungGen      total 261120K, used 256390K [0x00000000e0000000, 0x00000000f5c80000, 0x0000000100000000)
  eden space 224768K, 100% used [0x00000000e0000000,0x00000000edb80000,0x00000000edb80000)
  from space 36352K, 86% used [0x00000000edb80000,0x00000000efa61b48,0x00000000eff00000)
  to   space 40960K, 0% used [0x00000000f3480000,0x00000000f3480000,0x00000000f5c80000)
 ParOldGen       total 166912K, used 122366K [0x00000000a0000000, 0x00000000aa300000, 0x00000000e0000000)
  object space 166912K, 73% used [0x00000000a0000000,0x00000000a777f958,0x00000000aa300000)
 Metaspace       used 69629K, capacity 72356K, committed 72576K, reserved 1112064K
  class space    used 9147K, capacity 9725K, committed 9856K, reserved 1048576K
Event: 907.023 GC heap after
Heap after GC invocations=42 (full 6):
 PSYoungGen      total 313856K, used 28296K [0x00000000e0000000, 0x00000000f6000000, 0x0000000100000000)
  eden space 272896K, 0% used [0x00000000e0000000,0x00000000e0000000,0x00000000f0a80000)
  from space 40960K, 69% used [0x00000000f3480000,0x00000000f5022270,0x00000000f5c80000)
  to   space 43008K, 0% used [0x00000000f0a80000,0x00000000f0a80000,0x00000000f3480000)
 ParOldGen       total 166912K, used 146282K [0x00000000a0000000, 0x00000000aa300000, 0x00000000e0000000)
  object space 166912K, 87% used [0x00000000a0000000,0x00000000a8edaa28,0x00000000aa300000)
 Metaspace       used 69629K, capacity 72356K, committed 72576K, reserved 1112064K
  class space    used 9147K, capacity 9725K, committed 9856K, reserved 1048576K
}
Event: 907.023 GC heap before
{Heap before GC invocations=43 (full 7):
 PSYoungGen      total 313856K, used 28296K [0x00000000e0000000, 0x00000000f6000000, 0x0000000100000000)
  eden space 272896K, 0% used [0x00000000e0000000,0x00000000e0000000,0x00000000f0a80000)
  from space 40960K, 69% used [0x00000000f3480000,0x00000000f5022270,0x00000000f5c80000)
  to   space 43008K, 0% used [0x00000000f0a80000,0x00000000f0a80000,0x00000000f3480000)
 ParOldGen       total 166912K, used 146282K [0x00000000a0000000, 0x00000000aa300000, 0x00000000e0000000)
  object space 166912K, 87% used [0x00000000a0000000,0x00000000a8edaa28,0x00000000aa300000)
 Metaspace       used 69629K, capacity 72356K, committed 72576K, reserved 1112064K
  class space    used 9147K, capacity 9725K, committed 9856K, reserved 1048576K
Event: 907.667 GC heap after
Heap after GC invocations=43 (full 7):
 PSYoungGen      total 313856K, used 0K [0x00000000e0000000, 0x00000000f6000000, 0x0000000100000000)
  eden space 272896K, 0% used [0x00000000e0000000,0x00000000e0000000,0x00000000f0a80000)
  from space 40960K, 0% used [0x00000000f3480000,0x00000000f3480000,0x00000000f5c80000)
  to   space 43008K, 0% used [0x00000000f0a80000,0x00000000f0a80000,0x00000000f3480000)
 ParOldGen       total 205312K, used 126758K [0x00000000a0000000, 0x00000000ac880000, 0x00000000e0000000)
  object space 205312K, 61% used [0x00000000a0000000,0x00000000a7bc9be8,0x00000000ac880000)
 Metaspace       used 69629K, capacity 72356K, committed 72576K, reserved 1112064K
  class space    used 9147K, capacity 9725K, committed 9856K, reserved 1048576K
}
Event: 909.418 GC heap before
{Heap before GC invocations=44 (full 7):
 PSYoungGen      total 313856K, used 272896K [0x00000000e0000000, 0x00000000f6000000, 0x0000000100000000)
  eden space 272896K, 100% used [0x00000000e0000000,0x00000000f0a80000,0x00000000f0a80000)
  from space 40960K, 0% used [0x00000000f3480000,0x00000000f3480000,0x00000000f5c80000)
  to   space 43008K, 0% used [0x00000000f0a80000,0x00000000f0a80000,0x00000000f3480000)
 ParOldGen       total 205312K, used 126758K [0x00000000a0000000, 0x00000000ac880000, 0x00000000e0000000)
  object space 205312K, 61% used [0x00000000a0000000,0x00000000a7bc9be8,0x00000000ac880000)
 Metaspace       used 69650K, capacity 72356K, committed 72576K, reserved 1112064K
  class space    used 9147K, capacity 9725K, committed 9856K, reserved 1048576K
Event: 909.498 GC heap after
Heap after GC invocations=44 (full 7):
 PSYoungGen      total 315904K, used 37309K [0x00000000e0000000, 0x00000000f9080000, 0x0000000100000000)
  eden space 272896K, 0% used [0x00000000e0000000,0x00000000e0000000,0x00000000f0a80000)
  from space 43008K, 86% used [0x00000000f0a80000,0x00000000f2eef728,0x00000000f3480000)
  to   space 48128K, 0% used [0x00000000f6180000,0x00000000f6180000,0x00000000f9080000)
 ParOldGen       total 205312K, used 126766K [0x00000000a0000000, 0x00000000ac880000, 0x00000000e0000000)
  object space 205312K, 61% used [0x00000000a0000000,0x00000000a7bcbbe8,0x00000000ac880000)
 Metaspace       used 69650K, capacity 72356K, committed 72576K, reserved 1112064K
  class space    used 9147K, capacity 9725K, committed 9856K, reserved 1048576K
}

