# JRE version: Java(TM) SE Runtime Environment (8.0_51-b16) (build 1.8.0_51-b16)
# Java VM: Java HotSpot(TM) 64-Bit Server VM (25.51-b03 mixed mode windows-amd64 compressed oops)
Heap:
 PSYoungGen      total 468992K, used 389957K [0x00000000e0000000, 0x0000000100000000, 0x0000000100000000)
  eden space 417792K, 93% used [0x00000000e0000000,0x00000000f7cd17e8,0x00000000f9800000)
  from space 51200K, 0% used [0x00000000fce00000,0x00000000fce00000,0x0000000100000000)
  to   space 53248K, 0% used [0x00000000f9800000,0x00000000f9800000,0x00000000fcc00000)
 ParOldGen       total 130048K, used 81534K [0x00000000a0000000, 0x00000000a7f00000, 0x00000000e0000000)
  object space 130048K, 62% used [0x00000000a0000000,0x00000000a4f9fac8,0x00000000a7f00000)
 Metaspace       used 63816K, capacity 65520K, committed 65792K, reserved 1105920K
  class space    used 8282K, capacity 8676K, committed 8704K, reserved 1048576K
GC Heap History (10 events):
Event: 142.711 GC heap before
{Heap before GC invocations=22 (full 3):
 PSYoungGen      total 324096K, used 317747K [0x00000000e0000000, 0x00000000f5d00000, 0x0000000100000000)
  eden space 296960K, 100% used [0x00000000e0000000,0x00000000f2200000,0x00000000f2200000)
  from space 27136K, 76% used [0x00000000f4280000,0x00000000f56ccf78,0x00000000f5d00000)
  to   space 30208K, 0% used [0x00000000f2200000,0x00000000f2200000,0x00000000f3f80000)
 ParOldGen       total 130048K, used 49977K [0x00000000a0000000, 0x00000000a7f00000, 0x00000000e0000000)
  object space 130048K, 38% used [0x00000000a0000000,0x00000000a30ce6e8,0x00000000a7f00000)
 Metaspace       used 63620K, capacity 65278K, committed 65536K, reserved 1105920K
  class space    used 8279K, capacity 8679K, committed 8704K, reserved 1048576K
Event: 142.782 GC heap after
Heap after GC invocations=22 (full 3):
 PSYoungGen      total 327168K, used 22496K [0x00000000e0000000, 0x00000000fb680000, 0x0000000100000000)
  eden space 296960K, 0% used [0x00000000e0000000,0x00000000e0000000,0x00000000f2200000)
  from space 30208K, 74% used [0x00000000f2200000,0x00000000f37f81c0,0x00000000f3f80000)
  to   space 32256K, 0% used [0x00000000f9700000,0x00000000f9700000,0x00000000fb680000)
 ParOldGen       total 130048K, used 59822K [0x00000000a0000000, 0x00000000a7f00000, 0x00000000e0000000)
  object space 130048K, 46% used [0x00000000a0000000,0x00000000a3a6bbf8,0x00000000a7f00000)
 Metaspace       used 63620K, capacity 65278K, committed 65536K, reserved 1105920K
  class space    used 8279K, capacity 8679K, committed 8704K, reserved 1048576K
}
Event: 143.959 GC heap before
{Heap before GC invocations=23 (full 3):
 PSYoungGen      total 327168K, used 319456K [0x00000000e0000000, 0x00000000fb680000, 0x0000000100000000)
  eden space 296960K, 100% used [0x00000000e0000000,0x00000000f2200000,0x00000000f2200000)
  from space 30208K, 74% used [0x00000000f2200000,0x00000000f37f81c0,0x00000000f3f80000)
  to   space 32256K, 0% used [0x00000000f9700000,0x00000000f9700000,0x00000000fb680000)
 ParOldGen       total 130048K, used 59822K [0x00000000a0000000, 0x00000000a7f00000, 0x00000000e0000000)
  object space 130048K, 46% used [0x00000000a0000000,0x00000000a3a6bbf8,0x00000000a7f00000)
 Metaspace       used 63674K, capacity 65342K, committed 65536K, reserved 1105920K
  class space    used 8279K, capacity 8679K, committed 8704K, reserved 1048576K
Event: 144.024 GC heap after
Heap after GC invocations=23 (full 3):
 PSYoungGen      total 404992K, used 32227K [0x00000000e0000000, 0x00000000fd600000, 0x0000000100000000)
  eden space 372736K, 0% used [0x00000000e0000000,0x00000000e0000000,0x00000000f6c00000)
  from space 32256K, 99% used [0x00000000f9700000,0x00000000fb678fb8,0x00000000fb680000)
  to   space 44032K, 0% used [0x00000000f6c00000,0x00000000f6c00000,0x00000000f9700000)
 ParOldGen       total 130048K, used 78919K [0x00000000a0000000, 0x00000000a7f00000, 0x00000000e0000000)
  object space 130048K, 60% used [0x00000000a0000000,0x00000000a4d11fa8,0x00000000a7f00000)
 Metaspace       used 63674K, capacity 65342K, committed 65536K, reserved 1105920K
  class space    used 8279K, capacity 8679K, committed 8704K, reserved 1048576K
}
Event: 145.568 GC heap before
{Heap before GC invocations=24 (full 3):
 PSYoungGen      total 404992K, used 404963K [0x00000000e0000000, 0x00000000fd600000, 0x0000000100000000)
  eden space 372736K, 100% used [0x00000000e0000000,0x00000000f6c00000,0x00000000f6c00000)
  from space 32256K, 99% used [0x00000000f9700000,0x00000000fb678fb8,0x00000000fb680000)
  to   space 44032K, 0% used [0x00000000f6c00000,0x00000000f6c00000,0x00000000f9700000)
 ParOldGen       total 130048K, used 78919K [0x00000000a0000000, 0x00000000a7f00000, 0x00000000e0000000)
  object space 130048K, 60% used [0x00000000a0000000,0x00000000a4d11fa8,0x00000000a7f00000)
 Metaspace       used 63718K, capacity 65406K, committed 65536K, reserved 1105920K
  class space    used 8280K, capacity 8679K, committed 8704K, reserved 1048576K
Event: 145.705 GC heap after
Heap after GC invocations=24 (full 3):
 PSYoungGen      total 416768K, used 43899K [0x00000000e0000000, 0x0000000100000000, 0x0000000100000000)
  eden space 372736K, 0% used [0x00000000e0000000,0x00000000e0000000,0x00000000f6c00000)
  from space 44032K, 99% used [0x00000000f6c00000,0x00000000f96dee38,0x00000000f9700000)
  to   space 51200K, 0% used [0x00000000fce00000,0x00000000fce00000,0x0000000100000000)
 ParOldGen       total 130048K, used 101505K [0x00000000a0000000, 0x00000000a7f00000, 0x00000000e0000000)
  object space 130048K, 78% used [0x00000000a0000000,0x00000000a63205f0,0x00000000a7f00000)
 Metaspace       used 63718K, capacity 65406K, committed 65536K, reserved 1105920K
  class space    used 8280K, capacity 8679K, committed 8704K, reserved 1048576K
}
Event: 147.644 GC heap before
{Heap before GC invocations=25 (full 3):
 PSYoungGen      total 416768K, used 416635K [0x00000000e0000000, 0x0000000100000000, 0x0000000100000000)
  eden space 372736K, 100% used [0x00000000e0000000,0x00000000f6c00000,0x00000000f6c00000)
  from space 44032K, 99% used [0x00000000f6c00000,0x00000000f96dee38,0x00000000f9700000)
  to   space 51200K, 0% used [0x00000000fce00000,0x00000000fce00000,0x0000000100000000)
 ParOldGen       total 130048K, used 101505K [0x00000000a0000000, 0x00000000a7f00000, 0x00000000e0000000)
  object space 130048K, 78% used [0x00000000a0000000,0x00000000a63205f0,0x00000000a7f00000)
 Metaspace       used 63780K, capacity 65470K, committed 65536K, reserved 1105920K
  class space    used 8280K, capacity 8679K, committed 8704K, reserved 1048576K
Event: 147.756 GC heap after
Heap after GC invocations=25 (full 3):
 PSYoungGen      total 468992K, used 33544K [0x00000000e0000000, 0x0000000100000000, 0x0000000100000000)
  eden space 417792K, 0% used [0x00000000e0000000,0x00000000e0000000,0x00000000f9800000)
  from space 51200K, 65% used [0x00000000fce00000,0x00000000feec2000,0x0000000100000000)
  to   space 53248K, 0% used [0x00000000f9800000,0x00000000f9800000,0x00000000fcc00000)
 ParOldGen       total 130048K, used 118520K [0x00000000a0000000, 0x00000000a7f00000, 0x00000000e0000000)
  object space 130048K, 91% used [0x00000000a0000000,0x00000000a73be190,0x00000000a7f00000)
 Metaspace       used 63780K, capacity 65470K, committed 65536K, reserved 1105920K
  class space    used 8280K, capacity 8679K, committed 8704K, reserved 1048576K
}
Event: 147.756 GC heap before
{Heap before GC invocations=26 (full 4):
 PSYoungGen      total 468992K, used 33544K [0x00000000e0000000, 0x0000000100000000, 0x0000000100000000)
  eden space 417792K, 0% used [0x00000000e0000000,0x00000000e0000000,0x00000000f9800000)
  from space 51200K, 65% used [0x00000000fce00000,0x00000000feec2000,0x0000000100000000)
  to   space 53248K, 0% used [0x00000000f9800000,0x00000000f9800000,0x00000000fcc00000)
 ParOldGen       total 130048K, used 118520K [0x00000000a0000000, 0x00000000a7f00000, 0x00000000e0000000)
  object space 130048K, 91% used [0x00000000a0000000,0x00000000a73be190,0x00000000a7f00000)
 Metaspace       used 63780K, capacity 65470K, committed 65536K, reserved 1105920K
  class space    used 8280K, capacity 8679K, committed 8704K, reserved 1048576K
Event: 148.299 GC heap after
Heap after GC invocations=26 (full 4):
 PSYoungGen      total 468992K, used 0K [0x00000000e0000000, 0x0000000100000000, 0x0000000100000000)
  eden space 417792K, 0% used [0x00000000e0000000,0x00000000e0000000,0x00000000f9800000)
  from space 51200K, 0% used [0x00000000fce00000,0x00000000fce00000,0x0000000100000000)
  to   space 53248K, 0% used [0x00000000f9800000,0x00000000f9800000,0x00000000fcc00000)
 ParOldGen       total 130048K, used 81534K [0x00000000a0000000, 0x00000000a7f00000, 0x00000000e0000000)
  object space 130048K, 62% used [0x00000000a0000000,0x00000000a4f9fac8,0x00000000a7f00000)
 Metaspace       used 63775K, capacity 65456K, committed 65536K, reserved 1105920K
  class space    used 8279K, capacity 8676K, committed 8704K, reserved 1048576K
}

