# JRE version: Java(TM) SE Runtime Environment (8.0_51-b16) (build 1.8.0_51-b16)
# Java VM: Java HotSpot(TM) 64-Bit Server VM (25.51-b03 mixed mode windows-amd64 compressed oops)
Heap:
 PSYoungGen      total 242688K, used 203073K [0x00000000e0000000, 0x00000000f3e00000, 0x0000000100000000)
  eden space 216576K, 81% used [0x00000000e0000000,0x00000000eacd0b38,0x00000000ed380000)
  from space 26112K, 99% used [0x00000000ed380000,0x00000000eecff9e8,0x00000000eed00000)
  to   space 33280K, 0% used [0x00000000f1d80000,0x00000000f1d80000,0x00000000f3e00000)
 ParOldGen       total 116224K, used 55097K [0x00000000a0000000, 0x00000000a7180000, 0x00000000e0000000)
  object space 116224K, 47% used [0x00000000a0000000,0x00000000a35ce740,0x00000000a7180000)
 Metaspace       used 72273K, capacity 75022K, committed 75136K, reserved 1114112K
  class space    used 9466K, capacity 10062K, committed 10112K, reserved 1048576K
GC Heap History (10 events):
Event: 204.368 GC heap before
{Heap before GC invocations=29 (full 6):
 PSYoungGen      total 224768K, used 96K [0x00000000e0000000, 0x00000000ef980000, 0x0000000100000000)
  eden space 195072K, 0% used [0x00000000e0000000,0x00000000e0000000,0x00000000ebe80000)
  from space 29696K, 0% used [0x00000000ebe80000,0x00000000ebe98000,0x00000000edb80000)
  to   space 29696K, 0% used [0x00000000edc80000,0x00000000edc80000,0x00000000ef980000)
 ParOldGen       total 116224K, used 48760K [0x00000000a0000000, 0x00000000a7180000, 0x00000000e0000000)
  object space 116224K, 41% used [0x00000000a0000000,0x00000000a2f9e098,0x00000000a7180000)
 Metaspace       used 61581K, capacity 63942K, committed 64128K, reserved 1103872K
  class space    used 8283K, capacity 8823K, committed 8832K, reserved 1048576K
Event: 204.545 GC heap after
Heap after GC invocations=29 (full 6):
 PSYoungGen      total 224768K, used 0K [0x00000000e0000000, 0x00000000ef980000, 0x0000000100000000)
  eden space 195072K, 0% used [0x00000000e0000000,0x00000000e0000000,0x00000000ebe80000)
  from space 29696K, 0% used [0x00000000ebe80000,0x00000000ebe80000,0x00000000edb80000)
  to   space 29696K, 0% used [0x00000000edc80000,0x00000000edc80000,0x00000000ef980000)
 ParOldGen       total 116224K, used 48756K [0x00000000a0000000, 0x00000000a7180000, 0x00000000e0000000)
  object space 116224K, 41% used [0x00000000a0000000,0x00000000a2f9d118,0x00000000a7180000)
 Metaspace       used 61581K, capacity 63942K, committed 64128K, reserved 1103872K
  class space    used 8283K, capacity 8823K, committed 8832K, reserved 1048576K
}
Event: 332.368 GC heap before
{Heap before GC invocations=30 (full 6):
 PSYoungGen      total 224768K, used 195072K [0x00000000e0000000, 0x00000000ef980000, 0x0000000100000000)
  eden space 195072K, 100% used [0x00000000e0000000,0x00000000ebe80000,0x00000000ebe80000)
  from space 29696K, 0% used [0x00000000ebe80000,0x00000000ebe80000,0x00000000edb80000)
  to   space 29696K, 0% used [0x00000000edc80000,0x00000000edc80000,0x00000000ef980000)
 ParOldGen       total 116224K, used 48756K [0x00000000a0000000, 0x00000000a7180000, 0x00000000e0000000)
  object space 116224K, 41% used [0x00000000a0000000,0x00000000a2f9d118,0x00000000a7180000)
 Metaspace       used 65246K, capacity 67620K, committed 67968K, reserved 1107968K
  class space    used 8767K, capacity 9251K, committed 9344K, reserved 1048576K
Event: 332.380 GC heap after
Heap after GC invocations=30 (full 6):
 PSYoungGen      total 226816K, used 5062K [0x00000000e0000000, 0x00000000f0c00000, 0x0000000100000000)
  eden space 197120K, 0% used [0x00000000e0000000,0x00000000e0000000,0x00000000ec080000)
  from space 29696K, 17% used [0x00000000edc80000,0x00000000ee171810,0x00000000ef980000)
  to   space 28672K, 0% used [0x00000000ec080000,0x00000000ec080000,0x00000000edc80000)
 ParOldGen       total 116224K, used 48764K [0x00000000a0000000, 0x00000000a7180000, 0x00000000e0000000)
  object space 116224K, 41% used [0x00000000a0000000,0x00000000a2f9f118,0x00000000a7180000)
 Metaspace       used 65246K, capacity 67620K, committed 67968K, reserved 1107968K
  class space    used 8767K, capacity 9251K, committed 9344K, reserved 1048576K
}
Event: 448.537 GC heap before
{Heap before GC invocations=31 (full 6):
 PSYoungGen      total 226816K, used 202182K [0x00000000e0000000, 0x00000000f0c00000, 0x0000000100000000)
  eden space 197120K, 100% used [0x00000000e0000000,0x00000000ec080000,0x00000000ec080000)
  from space 29696K, 17% used [0x00000000edc80000,0x00000000ee171810,0x00000000ef980000)
  to   space 28672K, 0% used [0x00000000ec080000,0x00000000ec080000,0x00000000edc80000)
 ParOldGen       total 116224K, used 48764K [0x00000000a0000000, 0x00000000a7180000, 0x00000000e0000000)
  object space 116224K, 41% used [0x00000000a0000000,0x00000000a2f9f118,0x00000000a7180000)
 Metaspace       used 67973K, capacity 70514K, committed 70784K, reserved 1110016K
  class space    used 9028K, capacity 9562K, committed 9600K, reserved 1048576K
Event: 448.567 GC heap after
Heap after GC invocations=31 (full 6):
 PSYoungGen      total 225792K, used 12448K [0x00000000e0000000, 0x00000000f0800000, 0x0000000100000000)
  eden space 197120K, 0% used [0x00000000e0000000,0x00000000e0000000,0x00000000ec080000)
  from space 28672K, 43% used [0x00000000ec080000,0x00000000ecca8190,0x00000000edc80000)
  to   space 27648K, 0% used [0x00000000eed00000,0x00000000eed00000,0x00000000f0800000)
 ParOldGen       total 116224K, used 48772K [0x00000000a0000000, 0x00000000a7180000, 0x00000000e0000000)
  object space 116224K, 41% used [0x00000000a0000000,0x00000000a2fa1118,0x00000000a7180000)
 Metaspace       used 67973K, capacity 70514K, committed 70784K, reserved 1110016K
  class space    used 9028K, capacity 9562K, committed 9600K, reserved 1048576K
}
Event: 448.807 GC heap before
{Heap before GC invocations=32 (full 6):
 PSYoungGen      total 225792K, used 209035K [0x00000000e0000000, 0x00000000f0800000, 0x0000000100000000)
  eden space 197120K, 99% used [0x00000000e0000000,0x00000000ebffaac8,0x00000000ec080000)
  from space 28672K, 43% used [0x00000000ec080000,0x00000000ecca8190,0x00000000edc80000)
  to   space 27648K, 0% used [0x00000000eed00000,0x00000000eed00000,0x00000000f0800000)
 ParOldGen       total 116224K, used 48772K [0x00000000a0000000, 0x00000000a7180000, 0x00000000e0000000)
  object space 116224K, 41% used [0x00000000a0000000,0x00000000a2fa1118,0x00000000a7180000)
 Metaspace       used 68250K, capacity 70882K, committed 71168K, reserved 1110016K
  class space    used 9074K, capacity 9612K, committed 9728K, reserved 1048576K
Event: 448.818 GC heap after
Heap after GC invocations=32 (full 6):
 PSYoungGen      total 244224K, used 8660K [0x00000000e0000000, 0x00000000f1d80000, 0x0000000100000000)
  eden space 216576K, 0% used [0x00000000e0000000,0x00000000e0000000,0x00000000ed380000)
  from space 27648K, 31% used [0x00000000eed00000,0x00000000ef575030,0x00000000f0800000)
  to   space 26112K, 0% used [0x00000000ed380000,0x00000000ed380000,0x00000000eed00000)
 ParOldGen       total 116224K, used 48780K [0x00000000a0000000, 0x00000000a7180000, 0x00000000e0000000)
  object space 116224K, 41% used [0x00000000a0000000,0x00000000a2fa3118,0x00000000a7180000)
 Metaspace       used 68250K, capacity 70882K, committed 71168K, reserved 1110016K
  class space    used 9074K, capacity 9612K, committed 9728K, reserved 1048576K
}
Event: 502.565 GC heap before
{Heap before GC invocations=33 (full 6):
 PSYoungGen      total 244224K, used 225236K [0x00000000e0000000, 0x00000000f1d80000, 0x0000000100000000)
  eden space 216576K, 100% used [0x00000000e0000000,0x00000000ed380000,0x00000000ed380000)
  from space 27648K, 31% used [0x00000000eed00000,0x00000000ef575030,0x00000000f0800000)
  to   space 26112K, 0% used [0x00000000ed380000,0x00000000ed380000,0x00000000eed00000)
 ParOldGen       total 116224K, used 48780K [0x00000000a0000000, 0x00000000a7180000, 0x00000000e0000000)
  object space 116224K, 41% used [0x00000000a0000000,0x00000000a2fa3118,0x00000000a7180000)
 Metaspace       used 71783K, capacity 74540K, committed 74880K, reserved 1114112K
  class space    used 9446K, capacity 10029K, committed 10112K, reserved 1048576K
Event: 502.680 GC heap after
Heap after GC invocations=33 (full 6):
 PSYoungGen      total 242688K, used 26110K [0x00000000e0000000, 0x00000000f3e00000, 0x0000000100000000)
  eden space 216576K, 0% used [0x00000000e0000000,0x00000000e0000000,0x00000000ed380000)
  from space 26112K, 99% used [0x00000000ed380000,0x00000000eecff9e8,0x00000000eed00000)
  to   space 33280K, 0% used [0x00000000f1d80000,0x00000000f1d80000,0x00000000f3e00000)
 ParOldGen       total 116224K, used 55097K [0x00000000a0000000, 0x00000000a7180000, 0x00000000e0000000)
  object space 116224K, 47% used [0x00000000a0000000,0x00000000a35ce740,0x00000000a7180000)
 Metaspace       used 71783K, capacity 74540K, committed 74880K, reserved 1114112K
  class space    used 9446K, capacity 10029K, committed 10112K, reserved 1048576K
}

