# JRE version: Java(TM) SE Runtime Environment (8.0_51-b16) (build 1.8.0_51-b16)
# Java VM: Java HotSpot(TM) 64-Bit Server VM (25.51-b03 mixed mode windows-amd64 compressed oops)
Heap:
 PSYoungGen      total 434688K, used 187435K [0x00000000e0000000, 0x00000000ffa80000, 0x0000000100000000)
  eden space 356864K, 41% used [0x00000000e0000000,0x00000000e91824b0,0x00000000f5c80000)
  from space 77824K, 49% used [0x00000000fae80000,0x00000000fd4087d0,0x00000000ffa80000)
  to   space 80896K, 0% used [0x00000000f5c80000,0x00000000f5c80000,0x00000000fab80000)
 ParOldGen       total 205824K, used 72286K [0x00000000a0000000, 0x00000000ac900000, 0x00000000e0000000)
  object space 205824K, 35% used [0x00000000a0000000,0x00000000a4697b50,0x00000000ac900000)
 Metaspace       used 77043K, capacity 80774K, committed 81024K, reserved 1120256K
  class space    used 10030K, capacity 10764K, committed 10880K, reserved 1048576K
GC Heap History (10 events):
Event: 454.869 GC heap before
{Heap before GC invocations=37 (full 5):
 PSYoungGen      total 438272K, used 40710K [0x00000000e0000000, 0x0000000100000000, 0x0000000100000000)
  eden space 348160K, 0% used [0x00000000e0000000,0x00000000e0000000,0x00000000f5400000)
  from space 90112K, 45% used [0x00000000fa800000,0x00000000fcfc18c8,0x0000000100000000)
  to   space 86016K, 0% used [0x00000000f5400000,0x00000000f5400000,0x00000000fa800000)
 ParOldGen       total 205824K, used 102080K [0x00000000a0000000, 0x00000000ac900000, 0x00000000e0000000)
  object space 205824K, 49% used [0x00000000a0000000,0x00000000a63b0160,0x00000000ac900000)
 Metaspace       used 71055K, capacity 73732K, committed 73984K, reserved 1114112K
  class space    used 9339K, capacity 9907K, committed 9984K, reserved 1048576K
Event: 455.175 GC heap after
Heap after GC invocations=37 (full 5):
 PSYoungGen      total 438272K, used 0K [0x00000000e0000000, 0x0000000100000000, 0x0000000100000000)
  eden space 348160K, 0% used [0x00000000e0000000,0x00000000e0000000,0x00000000f5400000)
  from space 90112K, 0% used [0x00000000fa800000,0x00000000fa800000,0x0000000100000000)
  to   space 86016K, 0% used [0x00000000f5400000,0x00000000f5400000,0x00000000fa800000)
 ParOldGen       total 205824K, used 60954K [0x00000000a0000000, 0x00000000ac900000, 0x00000000e0000000)
  object space 205824K, 29% used [0x00000000a0000000,0x00000000a3b86a18,0x00000000ac900000)
 Metaspace       used 71055K, capacity 73732K, committed 73984K, reserved 1114112K
  class space    used 9339K, capacity 9907K, committed 9984K, reserved 1048576K
}
Event: 690.186 GC heap before
{Heap before GC invocations=38 (full 5):
 PSYoungGen      total 438272K, used 143311K [0x00000000e0000000, 0x0000000100000000, 0x0000000100000000)
  eden space 348160K, 41% used [0x00000000e0000000,0x00000000e8bf3c18,0x00000000f5400000)
  from space 90112K, 0% used [0x00000000fa800000,0x00000000fa800000,0x0000000100000000)
  to   space 86016K, 0% used [0x00000000f5400000,0x00000000f5400000,0x00000000fa800000)
 ParOldGen       total 205824K, used 60954K [0x00000000a0000000, 0x00000000ac900000, 0x00000000e0000000)
  object space 205824K, 29% used [0x00000000a0000000,0x00000000a3b86a18,0x00000000ac900000)
 Metaspace       used 75471K, capacity 78668K, committed 78976K, reserved 1118208K
  class space    used 9884K, capacity 10546K, committed 10624K, reserved 1048576K
Event: 690.240 GC heap after
Heap after GC invocations=38 (full 5):
 PSYoungGen      total 434176K, used 9758K [0x00000000e0000000, 0x0000000100000000, 0x0000000100000000)
  eden space 348160K, 0% used [0x00000000e0000000,0x00000000e0000000,0x00000000f5400000)
  from space 86016K, 11% used [0x00000000f5400000,0x00000000f5d87aa8,0x00000000fa800000)
  to   space 86016K, 0% used [0x00000000fac00000,0x00000000fac00000,0x0000000100000000)
 ParOldGen       total 205824K, used 60962K [0x00000000a0000000, 0x00000000ac900000, 0x00000000e0000000)
  object space 205824K, 29% used [0x00000000a0000000,0x00000000a3b88a18,0x00000000ac900000)
 Metaspace       used 75471K, capacity 78668K, committed 78976K, reserved 1118208K
  class space    used 9884K, capacity 10546K, committed 10624K, reserved 1048576K
}
Event: 690.240 GC heap before
{Heap before GC invocations=39 (full 6):
 PSYoungGen      total 434176K, used 9758K [0x00000000e0000000, 0x0000000100000000, 0x0000000100000000)
  eden space 348160K, 0% used [0x00000000e0000000,0x00000000e0000000,0x00000000f5400000)
  from space 86016K, 11% used [0x00000000f5400000,0x00000000f5d87aa8,0x00000000fa800000)
  to   space 86016K, 0% used [0x00000000fac00000,0x00000000fac00000,0x0000000100000000)
 ParOldGen       total 205824K, used 60962K [0x00000000a0000000, 0x00000000ac900000, 0x00000000e0000000)
  object space 205824K, 29% used [0x00000000a0000000,0x00000000a3b88a18,0x00000000ac900000)
 Metaspace       used 75471K, capacity 78668K, committed 78976K, reserved 1118208K
  class space    used 9884K, capacity 10546K, committed 10624K, reserved 1048576K
Event: 691.180 GC heap after
Heap after GC invocations=39 (full 6):
 PSYoungGen      total 434176K, used 0K [0x00000000e0000000, 0x0000000100000000, 0x0000000100000000)
  eden space 348160K, 0% used [0x00000000e0000000,0x00000000e0000000,0x00000000f5400000)
  from space 86016K, 0% used [0x00000000f5400000,0x00000000f5400000,0x00000000fa800000)
  to   space 86016K, 0% used [0x00000000fac00000,0x00000000fac00000,0x0000000100000000)
 ParOldGen       total 205824K, used 66184K [0x00000000a0000000, 0x00000000ac900000, 0x00000000e0000000)
  object space 205824K, 32% used [0x00000000a0000000,0x00000000a40a21d0,0x00000000ac900000)
 Metaspace       used 75452K, capacity 78646K, committed 78976K, reserved 1118208K
  class space    used 9878K, capacity 10540K, committed 10624K, reserved 1048576K
}
Event: 1140.704 GC heap before
{Heap before GC invocations=40 (full 6):
 PSYoungGen      total 434176K, used 347503K [0x00000000e0000000, 0x0000000100000000, 0x0000000100000000)
  eden space 348160K, 99% used [0x00000000e0000000,0x00000000f535bc98,0x00000000f5400000)
  from space 86016K, 0% used [0x00000000f5400000,0x00000000f5400000,0x00000000fa800000)
  to   space 86016K, 0% used [0x00000000fac00000,0x00000000fac00000,0x0000000100000000)
 ParOldGen       total 205824K, used 66184K [0x00000000a0000000, 0x00000000ac900000, 0x00000000e0000000)
  object space 205824K, 32% used [0x00000000a0000000,0x00000000a40a21d0,0x00000000ac900000)
 Metaspace       used 75994K, capacity 79506K, committed 79744K, reserved 1118208K
  class space    used 9923K, capacity 10606K, committed 10624K, reserved 1048576K
Event: 1140.788 GC heap after
Heap after GC invocations=40 (full 6):
 PSYoungGen      total 434176K, used 17099K [0x00000000e0000000, 0x00000000ffc00000, 0x0000000100000000)
  eden space 352256K, 0% used [0x00000000e0000000,0x00000000e0000000,0x00000000f5800000)
  from space 81920K, 20% used [0x00000000fac00000,0x00000000fbcb2ee0,0x00000000ffc00000)
  to   space 83968K, 0% used [0x00000000f5800000,0x00000000f5800000,0x00000000faa00000)
 ParOldGen       total 205824K, used 66192K [0x00000000a0000000, 0x00000000ac900000, 0x00000000e0000000)
  object space 205824K, 32% used [0x00000000a0000000,0x00000000a40a41d0,0x00000000ac900000)
 Metaspace       used 75994K, capacity 79506K, committed 79744K, reserved 1118208K
  class space    used 9923K, capacity 10606K, committed 10624K, reserved 1048576K
}
Event: 1212.172 GC heap before
{Heap before GC invocations=41 (full 6):
 PSYoungGen      total 434176K, used 369355K [0x00000000e0000000, 0x00000000ffc00000, 0x0000000100000000)
  eden space 352256K, 100% used [0x00000000e0000000,0x00000000f5800000,0x00000000f5800000)
  from space 81920K, 20% used [0x00000000fac00000,0x00000000fbcb2ee0,0x00000000ffc00000)
  to   space 83968K, 0% used [0x00000000f5800000,0x00000000f5800000,0x00000000faa00000)
 ParOldGen       total 205824K, used 66192K [0x00000000a0000000, 0x00000000ac900000, 0x00000000e0000000)
  object space 205824K, 32% used [0x00000000a0000000,0x00000000a40a41d0,0x00000000ac900000)
 Metaspace       used 76471K, capacity 80126K, committed 80384K, reserved 1118208K
  class space    used 9951K, capacity 10656K, committed 10752K, reserved 1048576K
Event: 1212.186 GC heap after
Heap after GC invocations=41 (full 6):
 PSYoungGen      total 436224K, used 6855K [0x00000000e0000000, 0x0000000100000000, 0x0000000100000000)
  eden space 352256K, 0% used [0x00000000e0000000,0x00000000e0000000,0x00000000f5800000)
  from space 83968K, 8% used [0x00000000f5800000,0x00000000f5eb1e70,0x00000000faa00000)
  to   space 83456K, 0% used [0x00000000fae80000,0x00000000fae80000,0x0000000100000000)
 ParOldGen       total 205824K, used 66200K [0x00000000a0000000, 0x00000000ac900000, 0x00000000e0000000)
  object space 205824K, 32% used [0x00000000a0000000,0x00000000a40a61d0,0x00000000ac900000)
 Metaspace       used 76471K, capacity 80126K, committed 80384K, reserved 1118208K
  class space    used 9951K, capacity 10656K, committed 10752K, reserved 1048576K
}

